/*C13*/SET SCHEMA PUBLIC
drop table if exists event_detail CASCADE 
drop table if exists log_finished CASCADE 
drop table if exists log_started CASCADE 
create table event_detail (id varchar(255) not null, alert boolean not null, duration bigint not null, host varchar(255), type varchar(255), primary key (id))
create table log_finished (id varchar(255) not null, host varchar(255), state varchar(255) not null, timestamp bigint not null, type varchar(255), primary key (id))
create table log_started (id varchar(255) not null, host varchar(255), state varchar(255) not null, timestamp bigint not null, type varchar(255), primary key (id))
INSERT INTO LOG_STARTED VALUES('aaaaaa','12345','STARTED',1491377495212,'APPLICATION_LOG')
COMMIT
INSERT INTO LOG_STARTED VALUES('bbbbbb',NULL,'STARTED',1491377495213,NULL)
COMMIT
INSERT INTO LOG_FINISHED VALUES('cccccc',NULL,'FINISHED',1491377495218,NULL)
COMMIT
INSERT INTO LOG_FINISHED VALUES('aaaaaa','12345','FINISHED',1491377495217,'APPLICATION_LOG')
COMMIT
INSERT INTO LOG_STARTED VALUES('cccccc',NULL,'STARTED',1491377495210,NULL)
COMMIT
INSERT INTO LOG_FINISHED VALUES('bbbbbb',NULL,'FINISHED',1491377495216,NULL)
COMMIT
INSERT INTO EVENT_DETAIL VALUES('aaaaaa',TRUE,5,'12345','APPLICATION_LOG')
COMMIT
INSERT INTO EVENT_DETAIL VALUES('bbbbbb',FALSE,3,NULL,NULL)
COMMIT
INSERT INTO EVENT_DETAIL VALUES('cccccc',TRUE,8,NULL,NULL)
COMMIT
DISCONNECT
/*C14*/SET SCHEMA PUBLIC
DISCONNECT
/*C15*/SET SCHEMA PUBLIC
DISCONNECT
/*C16*/SET SCHEMA PUBLIC
DISCONNECT
/*C17*/SET SCHEMA PUBLIC
DISCONNECT
/*C18*/SET SCHEMA PUBLIC
DISCONNECT
/*C19*/SET SCHEMA PUBLIC
DISCONNECT
/*C20*/SET SCHEMA PUBLIC
DISCONNECT
/*C21*/SET SCHEMA PUBLIC
DISCONNECT
/*C22*/SET SCHEMA PUBLIC
DISCONNECT
